19:56:55.917 [main] INFO  testCases.TC_001_AccountRegistrationTest - **** starting TC_001_AccountRegistrationTest  *****
19:56:55.927 [main] DEBUG testCases.TC_001_AccountRegistrationTest - application logs started......
19:56:56.053 [main] INFO  testCases.TC_001_AccountRegistrationTest - Clicked on MyAccount link
19:56:56.533 [main] INFO  testCases.TC_001_AccountRegistrationTest - Clicked on registration link
19:56:56.534 [main] INFO  testCases.TC_001_AccountRegistrationTest - Entering customer details.. 
19:56:59.939 [main] INFO  testCases.TC_001_AccountRegistrationTest - clicked on continue..
19:56:59.987 [main] INFO  testCases.TC_001_AccountRegistrationTest - Validating expected message..
19:56:59.991 [main] DEBUG testCases.TC_001_AccountRegistrationTest - application logs end.......
19:56:59.993 [main] INFO  testCases.TC_001_AccountRegistrationTest - **** finished TC_001_AccountRegistrationTest  *****
19:57:02.626 [main] INFO  testCases.TC_002_LoginTest - **** Starting TC_002_LoginTest  ****
19:57:02.626 [main] DEBUG testCases.TC_002_LoginTest - capturing application debug logs....
19:57:03.053 [main] INFO  testCases.TC_002_LoginTest - clicked on myaccount link on the home page..
19:57:03.588 [main] INFO  testCases.TC_002_LoginTest - clicked on login link under myaccount..
19:57:03.591 [main] INFO  testCases.TC_002_LoginTest - Entering valid email and password..
19:57:04.484 [main] INFO  testCases.TC_002_LoginTest - clicked on ligin button..
19:57:04.561 [main] INFO  testCases.TC_002_LoginTest - **** Finished TC_002_LoginTest  ****
00:35:47.998 [main] DEBUG org.testng.TestNG - suiteXmlPath: "A:\Automation\opencart\final.xml"
00:35:48.029 [main] WARN  org.testng.xml.TestNGContentHandler - It is strongly recommended to add "<!DOCTYPE suite SYSTEM "https://testng.org/testng-1.1.dtd" >" at the top of the suite file [A:\Automation\opencart\final.xml] otherwise TestNG may fail or not work as expected.
00:35:48.339 [main] INFO  org.testng.internal.Utils - [TestNG] Running:
  A:\Automation\opencart\final.xml

00:36:09.772 [main] DEBUG org.testng.TestNG - suiteXmlPath: "A:\Automation\opencart\master.xml"
00:36:09.794 [main] WARN  org.testng.xml.TestNGContentHandler - It is strongly recommended to add "<!DOCTYPE suite SYSTEM "https://testng.org/testng-1.1.dtd" >" at the top of the suite file [A:\Automation\opencart\master.xml] otherwise TestNG may fail or not work as expected.
00:36:10.091 [main] INFO  org.testng.internal.Utils - [TestNG] Running:
  A:\Automation\opencart\master.xml

00:36:20.175 [main] INFO  testCases.TC_001_AccountRegistrationTest - **** starting TC_001_AccountRegistrationTest  *****
00:36:20.175 [main] DEBUG testCases.TC_001_AccountRegistrationTest - application logs started......
00:36:20.691 [main] INFO  testCases.TC_001_AccountRegistrationTest - Clicked on MyAccount link
00:36:21.575 [main] INFO  testCases.TC_001_AccountRegistrationTest - Clicked on registration link
00:36:21.575 [main] INFO  testCases.TC_001_AccountRegistrationTest - Entering customer details.. 
00:36:25.568 [main] INFO  testCases.TC_001_AccountRegistrationTest - clicked on continue..
00:36:25.641 [main] INFO  testCases.TC_001_AccountRegistrationTest - Validating expected message..
00:36:25.647 [main] DEBUG testCases.TC_001_AccountRegistrationTest - application logs end.......
00:36:25.647 [main] INFO  testCases.TC_001_AccountRegistrationTest - **** finished TC_001_AccountRegistrationTest  *****
00:36:28.992 [main] INFO  testCases.TC_002_LoginTest - **** Starting TC_002_LoginTest  ****
00:36:28.993 [main] DEBUG testCases.TC_002_LoginTest - capturing application debug logs....
00:36:29.548 [main] INFO  testCases.TC_002_LoginTest - clicked on myaccount link on the home page..
00:36:30.317 [main] INFO  testCases.TC_002_LoginTest - clicked on login link under myaccount..
00:36:30.320 [main] INFO  testCases.TC_002_LoginTest - Entering valid email and password..
00:36:31.473 [main] INFO  testCases.TC_002_LoginTest - clicked on ligin button..
00:36:31.541 [main] INFO  testCases.TC_002_LoginTest - **** Finished TC_002_LoginTest  ****
00:37:00.448 [main] DEBUG org.testng.TestNG - suiteXmlPath: "A:\Automation\opencart\grouping.xml"
00:37:00.472 [main] WARN  org.testng.xml.TestNGContentHandler - It is strongly recommended to add "<!DOCTYPE suite SYSTEM "https://testng.org/testng-1.1.dtd" >" at the top of the suite file [A:\Automation\opencart\grouping.xml] otherwise TestNG may fail or not work as expected.
00:37:00.783 [main] INFO  org.testng.internal.Utils - [TestNG] Running:
  A:\Automation\opencart\grouping.xml

00:37:04.438 [main] INFO  testCases.TC_001_AccountRegistrationTest - **** starting TC_001_AccountRegistrationTest  *****
00:37:04.439 [main] DEBUG testCases.TC_001_AccountRegistrationTest - application logs started......
00:37:05.081 [main] INFO  testCases.TC_001_AccountRegistrationTest - Clicked on MyAccount link
00:37:05.864 [main] INFO  testCases.TC_001_AccountRegistrationTest - Clicked on registration link
