12:28:33.858 [main] INFO  testCases.TC_001_AccountRegistrationTest - **** finished TC_001_AccountRegistrationTest  *****
12:28:35.915 [main] INFO  testCases.TC_002_LoginTest - **** Starting TC_002_LoginTest  ****
12:28:35.915 [main] DEBUG testCases.TC_002_LoginTest - capturing application debug logs....
12:28:36.323 [main] INFO  testCases.TC_002_LoginTest - clicked on myaccount link on the home page..
12:28:36.774 [main] INFO  testCases.TC_002_LoginTest - clicked on login link under myaccount..
12:28:36.776 [main] INFO  testCases.TC_002_LoginTest - Entering valid email and password..
12:28:37.422 [main] INFO  testCases.TC_002_LoginTest - clicked on ligin button..
12:28:37.473 [main] INFO  testCases.TC_002_LoginTest - **** Finished TC_002_LoginTest  ****
12:42:24.163 [main] DEBUG org.testng.TestNG - suiteXmlPath: "A:\Automation\opencart\final.xml"
12:42:24.194 [main] WARN  org.testng.xml.TestNGContentHandler - It is strongly recommended to add "<!DOCTYPE suite SYSTEM "https://testng.org/testng-1.1.dtd" >" at the top of the suite file [A:\Automation\opencart\final.xml] otherwise TestNG may fail or not work as expected.
12:42:28.044 [main] INFO  testCases.TC_001_AccountRegistrationTest - **** starting TC_001_AccountRegistrationTest  *****
12:42:28.044 [main] DEBUG testCases.TC_001_AccountRegistrationTest - application logs started......
12:42:28.472 [main] INFO  testCases.TC_001_AccountRegistrationTest - Clicked on MyAccount link
12:42:29.088 [main] INFO  testCases.TC_001_AccountRegistrationTest - Clicked on registration link
12:42:29.088 [main] INFO  testCases.TC_001_AccountRegistrationTest - Entering customer details.. 
12:42:32.465 [main] INFO  testCases.TC_001_AccountRegistrationTest - clicked on continue..
12:42:32.509 [main] INFO  testCases.TC_001_AccountRegistrationTest - Validating expected message..
12:42:32.511 [main] DEBUG testCases.TC_001_AccountRegistrationTest - application logs end.......
12:42:32.511 [main] INFO  testCases.TC_001_AccountRegistrationTest - **** finished TC_001_AccountRegistrationTest  *****
12:42:35.230 [main] INFO  testCases.TC_002_LoginTest - **** Starting TC_002_LoginTest  ****
12:42:35.230 [main] DEBUG testCases.TC_002_LoginTest - capturing application debug logs....
12:42:35.799 [main] INFO  testCases.TC_002_LoginTest - clicked on myaccount link on the home page..
12:42:36.299 [main] INFO  testCases.TC_002_LoginTest - clicked on login link under myaccount..
12:42:36.302 [main] INFO  testCases.TC_002_LoginTest - Entering valid email and password..
12:42:37.048 [main] INFO  testCases.TC_002_LoginTest - clicked on ligin button..
12:42:37.103 [main] INFO  testCases.TC_002_LoginTest - **** Finished TC_002_LoginTest  ****
19:55:38.740 [main] DEBUG org.testng.TestNG - suiteXmlPath: "A:\Automation\opencart\final.xml"
19:55:38.767 [main] WARN  org.testng.xml.TestNGContentHandler - It is strongly recommended to add "<!DOCTYPE suite SYSTEM "https://testng.org/testng-1.1.dtd" >" at the top of the suite file [A:\Automation\opencart\final.xml] otherwise TestNG may fail or not work as expected.
19:55:46.127 [main] INFO  testCases.TC_001_AccountRegistrationTest - **** starting TC_001_AccountRegistrationTest  *****
19:55:46.127 [main] DEBUG testCases.TC_001_AccountRegistrationTest - application logs started......
19:55:46.546 [main] INFO  testCases.TC_001_AccountRegistrationTest - Clicked on MyAccount link
19:55:47.325 [main] INFO  testCases.TC_001_AccountRegistrationTest - Clicked on registration link
19:55:47.326 [main] INFO  testCases.TC_001_AccountRegistrationTest - Entering customer details.. 
19:55:51.183 [main] INFO  testCases.TC_001_AccountRegistrationTest - clicked on continue..
19:55:51.237 [main] INFO  testCases.TC_001_AccountRegistrationTest - Validating expected message..
19:55:51.241 [main] DEBUG testCases.TC_001_AccountRegistrationTest - application logs end.......
19:55:51.241 [main] INFO  testCases.TC_001_AccountRegistrationTest - **** finished TC_001_AccountRegistrationTest  *****
19:55:53.910 [main] INFO  testCases.TC_002_LoginTest - **** Starting TC_002_LoginTest  ****
19:55:53.910 [main] DEBUG testCases.TC_002_LoginTest - capturing application debug logs....
19:55:54.358 [main] INFO  testCases.TC_002_LoginTest - clicked on myaccount link on the home page..
19:55:55.032 [main] INFO  testCases.TC_002_LoginTest - clicked on login link under myaccount..
19:55:55.036 [main] INFO  testCases.TC_002_LoginTest - Entering valid email and password..
19:55:56.034 [main] INFO  testCases.TC_002_LoginTest - clicked on ligin button..
19:55:56.114 [main] INFO  testCases.TC_002_LoginTest - **** Finished TC_002_LoginTest  ****
19:56:52.699 [main] DEBUG org.testng.TestNG - suiteXmlPath: "A:\Automation\opencart\final.xml"
19:56:52.716 [main] WARN  org.testng.xml.TestNGContentHandler - It is strongly recommended to add "<!DOCTYPE suite SYSTEM "https://testng.org/testng-1.1.dtd" >" at the top of the suite file [A:\Automation\opencart\final.xml] otherwise TestNG may fail or not work as expected.
